<?xml version="1.0" encoding="UTF-8"?>
<!-- Generated by org.testng.reporters.JUnitXMLReporter -->
<testsuite hostname="DESKTOP-FOJBV87" ignored="0" name="ABC Radio Test" tests="7" failures="0" timestamp="06 Aug 2017 15:21:12 GMT" time="155.539" errors="0">
  <testcase name="LaunchABCRadioAndValidate" time="16.257" classname="testCases.TestABCRadio"/>
  <testcase name="ProgramGuideTest" time="20.575" classname="testCases.TestABCRadio"/>
  <testcase name="SearchContentAndValidate" time="15.067" classname="testCases.TestABCRadio"/>
  <testcase name="SocialMediaIconTest" time="55.76" classname="testCases.TestABCRadio"/>
  <testcase name="DownloadAudioTest" time="16.895" classname="testCases.TestABCRadio"/>
  <testcase name="ListenAudioTest" time="21.744" classname="testCases.TestABCRadio"/>
  <testcase name="ValidateListenAudioTest" time="9.214" classname="testCases.TestABCRadio"/>
</testsuite> <!-- ABC Radio Test -->
