<?xml version="1.0" encoding="UTF-8"?>
<!-- Generated by org.testng.reporters.JUnitXMLReporter -->
<testsuite hostname="DESKTOP-FOJBV87" ignored="0" name="ABC News Test" tests="6" failures="0" timestamp="06 Aug 2017 15:18:37 GMT" time="98.709" errors="0">
  <testcase name="LaunchABCNewsAndValidate" time="10.814" classname="testCases.TestABCNews"/>
  <testcase name="ValidateABCNewsBanner" time="1.403" classname="testCases.TestABCNews"/>
  <testcase name="LoadJustInMenu" time="8.579" classname="testCases.TestABCNews"/>
  <testcase name="JustInMenuPageContentValidation" time="2.994" classname="testCases.TestABCNews"/>
  <testcase name="ABCSNewsVideoTest" time="40.22" classname="testCases.TestABCNews"/>
  <testcase name="ABCNewsGallaryTest" time="34.33" classname="testCases.TestABCNews"/>
</testsuite> <!-- ABC News Test -->
