<?xml version="1.0" encoding="UTF-8"?>
<testng-results skipped="0" failed="0" total="6" passed="6">
  <reporter-output>
  </reporter-output>
  <suite name="ABC News Test Assignment" duration-ms="86863" started-at="2017-08-07T04:42:58Z" finished-at="2017-08-07T04:44:25Z">
    <groups>
    </groups>
    <test name="ABC News API Integration Test" duration-ms="0" started-at="2017-08-07T04:44:25Z" finished-at="2017-08-07T04:44:25Z">
      <class name="testCases.TestABCNews">
        <test-method status="PASS" signature="setUp()" name="setUp" is-config="true" duration-ms="11655" started-at="2017-08-07T04:42:46Z" finished-at="2017-08-07T04:42:58Z">
        </test-method>
        <test-method status="PASS" signature="tearDown()" name="tearDown" is-config="true" duration-ms="4516" started-at="2017-08-07T04:44:25Z" finished-at="2017-08-07T04:44:29Z">
        </test-method>
      </class>
    </test>
    <test name="ABC News Test" duration-ms="86563" started-at="2017-08-07T04:42:58Z" finished-at="2017-08-07T04:44:24Z">
      <class name="testCases.TestABCNews">
        <test-method status="PASS" signature="LaunchABCNewsAndValidate()" name="LaunchABCNewsAndValidate" duration-ms="7290" started-at="2017-08-07T04:42:58Z" finished-at="2017-08-07T04:43:05Z">
        </test-method>
        <test-method status="PASS" signature="ValidateABCNewsBanner()" name="ValidateABCNewsBanner" duration-ms="1154" started-at="2017-08-07T04:43:05Z" finished-at="2017-08-07T04:43:06Z">
        </test-method>
        <test-method status="PASS" signature="LoadJustInMenu()" name="LoadJustInMenu" duration-ms="7922" started-at="2017-08-07T04:43:06Z" finished-at="2017-08-07T04:43:14Z">
        </test-method>
        <test-method status="PASS" signature="JustInMenuPageContentValidation()" name="JustInMenuPageContentValidation" duration-ms="3139" started-at="2017-08-07T04:43:14Z" finished-at="2017-08-07T04:43:17Z">
        </test-method>
        <test-method status="PASS" signature="ABCSNewsVideoTest()" name="ABCSNewsVideoTest" duration-ms="37146" started-at="2017-08-07T04:43:17Z" finished-at="2017-08-07T04:43:54Z">
        </test-method>
        <test-method status="PASS" signature="ABCNewsGallaryTest()" name="ABCNewsGallaryTest" duration-ms="29885" started-at="2017-08-07T04:43:54Z" finished-at="2017-08-07T04:44:24Z">
        </test-method>
      </class>
    </test>
    <test name="ABC Radio Test" duration-ms="0" started-at="2017-08-07T04:44:24Z" finished-at="2017-08-07T04:44:24Z">
    </test>
  </suite>
</testng-results>
