<?xml version="1.0" encoding="UTF-8"?>
<testsuite name="TestSuite" time="86.537" tests="6" errors="0" skipped="0" failures="0">
  <properties>
[...]
</properties>
  <testcase name="LaunchABCNewsAndValidate" classname="testCases.TestABCNews" time="7.29"/>
  <testcase name="ValidateABCNewsBanner" classname="testCases.TestABCNews" time="1.154"/>
  <testcase name="LoadJustInMenu" classname="testCases.TestABCNews" time="7.922"/>
  <testcase name="JustInMenuPageContentValidation" classname="testCases.TestABCNews" time="3.14"/>
  <testcase name="ABCSNewsVideoTest" classname="testCases.TestABCNews" time="37.146"/>
  <testcase name="ABCNewsGallaryTest" classname="testCases.TestABCNews" time="29.885"/>
</testsuite>