<?xml version="1.0" encoding="UTF-8"?>
<!-- Generated by org.testng.reporters.JUnitXMLReporter -->
<testsuite hostname="DESKTOP-FOJBV87" ignored="0" name="Validate Titles Test" tests="1" failures="1" timestamp="05 Aug 2017 11:33:24 GMT" time="8.542" errors="0">
  <testcase name="testOne" time="8.439" classname="testCases.TestCaseOne">
    <failure type="java.lang.IllegalArgumentException" message="Cannot find elements when the XPath expression is null.">
      <![CDATA[java.lang.IllegalArgumentException: Cannot find elements when the XPath expression is null.
	at org.openqa.selenium.By.xpath(By.java:113)
	at abcNews.HomePageABCNews.validateNewsBanner(HomePageABCNews.java:64)
	at testCases.TestCaseOne.testOne(TestCaseOne.java:15)
... Removed 25 stack frames]]>
    </failure>
  </testcase> <!-- testOne -->
</testsuite> <!-- Validate Titles Test -->
